<?xml version="1.0" encoding="UTF-8"?>
<!-- Generated by org.testng.reporters.JUnitReportReporter -->
<testsuite hostname="ARQ66825.local" failures="0" tests="1" name="com.demoauto.qa.testcases.LoginPageTest" time="10.250" errors="0" timestamp="2022-09-09T13:19:08 AEST" skipped="0">
  <testcase classname="com.demoauto.qa.testcases.LoginPageTest" name="loginPageLoginScenarioTest" time="10.250"/>
  <system-out/>
</testsuite> <!-- com.demoauto.qa.testcases.LoginPageTest -->
